# JRE version: OpenJDK Runtime Environment (11.0.29+7) (build 11.0.29+7-post-Ubuntu-1ubuntu124.04)
# Java VM: OpenJDK 64-Bit Server VM (11.0.29+7-post-Ubuntu-1ubuntu124.04, mixed mode, sharing, tiered, compressed oops, g1 gc, linux-amd64)
Heap:
 garbage-first heap   total 360448K, used 191188K [0x0000000706000000, 0x0000000800000000)
  region size 1024K, 51 young (52224K), 2 survivors (2048K)
 Metaspace       used 18799K, capacity 19374K, committed 19584K, reserved 1067008K
  class space    used 2093K, capacity 2331K, committed 2432K, reserved 1048576K
GC Heap History (20 events):
Event: 21.446 GC heap before
{Heap before GC invocations=10 (full 0):
 garbage-first heap   total 258048K, used 178838K [0x0000000706000000, 0x0000000800000000)
  region size 1024K, 117 young (119808K), 8 survivors (8192K)
 Metaspace       used 13610K, capacity 14218K, committed 14464K, reserved 1062912K
  class space    used 1441K, capacity 1661K, committed 1664K, reserved 1048576K
}
Event: 21.453 GC heap after
{Heap after GC invocations=11 (full 0):
 garbage-first heap   total 258048K, used 72234K [0x0000000706000000, 0x0000000800000000)
  region size 1024K, 13 young (13312K), 13 survivors (13312K)
 Metaspace       used 13610K, capacity 14218K, committed 14464K, reserved 1062912K
  class space    used 1441K, capacity 1661K, committed 1664K, reserved 1048576K
}
Event: 21.752 GC heap before
{Heap before GC invocations=11 (full 0):
 garbage-first heap   total 258048K, used 185898K [0x0000000706000000, 0x0000000800000000)
  region size 1024K, 124 young (126976K), 13 survivors (13312K)
 Metaspace       used 13613K, capacity 14218K, committed 14464K, reserved 1062912K
  class space    used 1441K, capacity 1661K, committed 1664K, reserved 1048576K
}
Event: 21.765 GC heap after
{Heap after GC invocations=12 (full 0):
 garbage-first heap   total 258048K, used 79568K [0x0000000706000000, 0x0000000800000000)
  region size 1024K, 13 young (13312K), 13 survivors (13312K)
 Metaspace       used 13613K, capacity 14218K, committed 14464K, reserved 1062912K
  class space    used 1441K, capacity 1661K, committed 1664K, reserved 1048576K
}
Event: 22.088 GC heap before
{Heap before GC invocations=12 (full 0):
 garbage-first heap   total 258048K, used 193232K [0x0000000706000000, 0x0000000800000000)
  region size 1024K, 124 young (126976K), 13 survivors (13312K)
 Metaspace       used 13613K, capacity 14218K, committed 14464K, reserved 1062912K
  class space    used 1441K, capacity 1661K, committed 1664K, reserved 1048576K
}
Event: 22.101 GC heap after
{Heap after GC invocations=13 (full 0):
 garbage-first heap   total 258048K, used 85200K [0x0000000706000000, 0x0000000800000000)
  region size 1024K, 13 young (13312K), 13 survivors (13312K)
 Metaspace       used 13613K, capacity 14218K, committed 14464K, reserved 1062912K
  class space    used 1441K, capacity 1661K, committed 1664K, reserved 1048576K
}
Event: 22.337 GC heap before
{Heap before GC invocations=13 (full 0):
 garbage-first heap   total 258048K, used 197840K [0x0000000706000000, 0x0000000800000000)
  region size 1024K, 123 young (125952K), 13 survivors (13312K)
 Metaspace       used 13615K, capacity 14218K, committed 14464K, reserved 1062912K
  class space    used 1441K, capacity 1661K, committed 1664K, reserved 1048576K
}
Event: 22.347 GC heap after
{Heap after GC invocations=14 (full 0):
 garbage-first heap   total 258048K, used 92138K [0x0000000706000000, 0x0000000800000000)
  region size 1024K, 12 young (12288K), 12 survivors (12288K)
 Metaspace       used 13615K, capacity 14218K, committed 14464K, reserved 1062912K
  class space    used 1441K, capacity 1661K, committed 1664K, reserved 1048576K
}
Event: 22.710 GC heap before
{Heap before GC invocations=14 (full 0):
 garbage-first heap   total 258048K, used 202730K [0x0000000706000000, 0x0000000800000000)
  region size 1024K, 120 young (122880K), 12 survivors (12288K)
 Metaspace       used 13615K, capacity 14218K, committed 14464K, reserved 1062912K
  class space    used 1441K, capacity 1661K, committed 1664K, reserved 1048576K
}
Event: 22.730 GC heap after
{Heap after GC invocations=15 (full 0):
 garbage-first heap   total 258048K, used 101037K [0x0000000706000000, 0x0000000800000000)
  region size 1024K, 15 young (15360K), 15 survivors (15360K)
 Metaspace       used 13615K, capacity 14218K, committed 14464K, reserved 1062912K
  class space    used 1441K, capacity 1661K, committed 1664K, reserved 1048576K
}
Event: 22.943 GC heap before
{Heap before GC invocations=15 (full 0):
 garbage-first heap   total 258048K, used 205485K [0x0000000706000000, 0x0000000800000000)
  region size 1024K, 117 young (119808K), 15 survivors (15360K)
 Metaspace       used 13616K, capacity 14218K, committed 14464K, reserved 1062912K
  class space    used 1441K, capacity 1661K, committed 1664K, reserved 1048576K
}
Event: 22.957 GC heap after
{Heap after GC invocations=16 (full 0):
 garbage-first heap   total 258048K, used 107216K [0x0000000706000000, 0x0000000800000000)
  region size 1024K, 6 young (6144K), 6 survivors (6144K)
 Metaspace       used 13616K, capacity 14218K, committed 14464K, reserved 1062912K
  class space    used 1441K, capacity 1661K, committed 1664K, reserved 1048576K
}
Event: 23.231 GC heap before
{Heap before GC invocations=16 (full 0):
 garbage-first heap   total 258048K, used 207568K [0x0000000706000000, 0x0000000800000000)
  region size 1024K, 104 young (106496K), 6 survivors (6144K)
 Metaspace       used 13617K, capacity 14218K, committed 14464K, reserved 1062912K
  class space    used 1441K, capacity 1661K, committed 1664K, reserved 1048576K
}
Event: 23.241 GC heap after
{Heap after GC invocations=17 (full 0):
 garbage-first heap   total 258048K, used 110288K [0x0000000706000000, 0x0000000800000000)
  region size 1024K, 9 young (9216K), 9 survivors (9216K)
 Metaspace       used 13617K, capacity 14218K, committed 14464K, reserved 1062912K
  class space    used 1441K, capacity 1661K, committed 1664K, reserved 1048576K
}
Event: 23.988 GC heap before
{Heap before GC invocations=17 (full 0):
 garbage-first heap   total 258048K, used 177872K [0x0000000706000000, 0x0000000800000000)
  region size 1024K, 67 young (68608K), 9 survivors (9216K)
 Metaspace       used 13901K, capacity 14530K, committed 14848K, reserved 1062912K
  class space    used 1479K, capacity 1701K, committed 1792K, reserved 1048576K
}
Event: 23.995 GC heap after
{Heap after GC invocations=18 (full 0):
 garbage-first heap   total 258048K, used 111338K [0x0000000706000000, 0x0000000800000000)
  region size 1024K, 5 young (5120K), 5 survivors (5120K)
 Metaspace       used 13901K, capacity 14530K, committed 14848K, reserved 1062912K
  class space    used 1479K, capacity 1701K, committed 1792K, reserved 1048576K
}
Event: 28.436 GC heap before
{Heap before GC invocations=19 (full 0):
 garbage-first heap   total 258048K, used 209642K [0x0000000706000000, 0x0000000800000000)
  region size 1024K, 87 young (89088K), 5 survivors (5120K)
 Metaspace       used 12678K, capacity 13165K, committed 14848K, reserved 1062912K
  class space    used 1310K, capacity 1497K, committed 1792K, reserved 1048576K
}
Event: 28.441 GC heap after
{Heap after GC invocations=20 (full 0):
 garbage-first heap   total 360448K, used 130742K [0x0000000706000000, 0x0000000800000000)
  region size 1024K, 11 young (11264K), 11 survivors (11264K)
 Metaspace       used 12678K, capacity 13165K, committed 14848K, reserved 1062912K
  class space    used 1310K, capacity 1497K, committed 1792K, reserved 1048576K
}
Event: 28.497 GC heap before
{Heap before GC invocations=20 (full 0):
 garbage-first heap   total 360448K, used 135862K [0x0000000706000000, 0x0000000800000000)
  region size 1024K, 17 young (17408K), 11 survivors (11264K)
 Metaspace       used 12678K, capacity 13165K, committed 14848K, reserved 1062912K
  class space    used 1310K, capacity 1497K, committed 1792K, reserved 1048576K
}
Event: 28.500 GC heap after
{Heap after GC invocations=21 (full 0):
 garbage-first heap   total 360448K, used 132820K [0x0000000706000000, 0x0000000800000000)
  region size 1024K, 2 young (2048K), 2 survivors (2048K)
 Metaspace       used 12678K, capacity 13165K, committed 14848K, reserved 1062912K
  class space    used 1310K, capacity 1497K, committed 1792K, reserved 1048576K
}

